2025-03-14 21:37:54,538 INFO  [org.jboss.modules] (main) JBoss Modules version 2.1.6.Final
2025-03-14 21:37:54,894 INFO  [org.jboss.msc] (main) JBoss MSC version 1.5.5.Final
2025-03-14 21:37:54,900 INFO  [org.jboss.threads] (main) JBoss Threads version 2.4.0.Final
2025-03-14 21:37:54,975 INFO  [org.jboss.as] (MSC service thread 1-1) WFLYSRV0049: WildFly 35.0.1.Final (WildFly Core 27.0.1.Final) starting
2025-03-14 21:37:54,976 DEBUG [org.jboss.as.config] (MSC service thread 1-1) Configured system properties:
	[Standalone] = 
	file.encoding = UTF-8
	file.separator = /
	java.awt.headless = true
	java.class.path = /home/vincent/Desktop/Repository/Series-Website/target/server/jboss-modules.jar
	java.class.version = 61.0
	java.home = /usr/lib/jvm/java-17-openjdk-amd64
	java.io.tmpdir = /tmp
	java.library.path = /usr/java/packages/lib:/usr/lib/x86_64-linux-gnu/jni:/lib/x86_64-linux-gnu:/usr/lib/x86_64-linux-gnu:/usr/lib/jni:/lib:/usr/lib
	java.net.preferIPv4Stack = true
	java.runtime.name = OpenJDK Runtime Environment
	java.runtime.version = 17.0.14+7-Ubuntu-122.04.1
	java.security.manager = allow
	java.specification.maintenance.version = 1
	java.specification.name = Java Platform API Specification
	java.specification.vendor = Oracle Corporation
	java.specification.version = 17
	java.util.logging.manager = org.jboss.logmanager.LogManager
	java.vendor = Ubuntu
	java.vendor.url = https://ubuntu.com/
	java.vendor.url.bug = https://bugs.launchpad.net/ubuntu/+source/openjdk-17
	java.version = 17.0.14
	java.version.date = 2025-01-21
	java.vm.compressedOopsMode = 32-bit
	java.vm.info = mixed mode, sharing
	java.vm.name = OpenJDK 64-Bit Server VM
	java.vm.specification.name = Java Virtual Machine Specification
	java.vm.specification.vendor = Oracle Corporation
	java.vm.specification.version = 17
	java.vm.vendor = Ubuntu
	java.vm.version = 17.0.14+7-Ubuntu-122.04.1
	javax.management.builder.initial = org.jboss.as.jmx.PluggableMBeanServerBuilder
	jboss.home.dir = /home/vincent/Desktop/Repository/Series-Website/target/server
	jboss.host.name = vincent-ms-7971
	jboss.modules.system.pkgs = org.jboss.byteman
	jboss.node.name = vincent-ms-7971
	jboss.qualified.host.name = vincent-ms-7971
	jboss.server.base.dir = /home/vincent/Desktop/Repository/Series-Website/target/server/standalone
	jboss.server.config.dir = /home/vincent/Desktop/Repository/Series-Website/target/server/standalone/configuration
	jboss.server.data.dir = /home/vincent/Desktop/Repository/Series-Website/target/server/standalone/data
	jboss.server.log.dir = /home/vincent/Desktop/Repository/Series-Website/target/server/standalone/log
	jboss.server.name = vincent-ms-7971
	jboss.server.persist.config = true
	jboss.server.temp.dir = /home/vincent/Desktop/Repository/Series-Website/target/server/standalone/tmp
	jdk.debug = release
	line.separator = 

	logging.configuration = file:/home/vincent/Desktop/Repository/Series-Website/target/server/standalone/configuration/logging.properties
	module.path = /home/vincent/Desktop/Repository/Series-Website/target/server/modules
	native.encoding = UTF-8
	org.jboss.boot.log.file = /home/vincent/Desktop/Repository/Series-Website/target/server/standalone/log/server.log
	org.jboss.resolver.warning = true
	os.arch = amd64
	os.name = Linux
	os.version = 6.8.0-52-generic
	path.separator = :
	sun.arch.data.model = 64
	sun.boot.library.path = /usr/lib/jvm/java-17-openjdk-amd64/lib
	sun.cpu.endian = little
	sun.io.unicode.encoding = UnicodeLittle
	sun.java.command = /home/vincent/Desktop/Repository/Series-Website/target/server/jboss-modules.jar -mp /home/vincent/Desktop/Repository/Series-Website/target/server/modules org.jboss.as.standalone -c=standalone-full.xml
	sun.java.launcher = SUN_STANDARD
	sun.jnu.encoding = UTF-8
	sun.management.compiler = HotSpot 64-Bit Tiered Compilers
	sun.stderr.encoding = UTF-8
	sun.stdout.encoding = UTF-8
	user.country = US
	user.dir = /home/vincent/Desktop/Repository/Series-Website
	user.home = /home/vincent
	user.language = en
	user.name = vincent
	user.timezone = Europe/Berlin
2025-03-14 21:37:54,977 DEBUG [org.jboss.as.config] (MSC service thread 1-1) VM Arguments: -D[Standalone] -Xms64m -Xmx512m -Djava.net.preferIPv4Stack=true -Djava.awt.headless=true -Djboss.modules.system.pkgs=org.jboss.byteman --add-exports=java.base/sun.nio.ch=ALL-UNNAMED --add-exports=jdk.unsupported/sun.reflect=ALL-UNNAMED --add-exports=jdk.unsupported/sun.misc=ALL-UNNAMED --add-modules=java.se --add-exports=java.desktop/sun.awt=ALL-UNNAMED --add-exports=java.naming/com.sun.jndi.ldap=ALL-UNNAMED --add-exports=java.naming/com.sun.jndi.url.ldap=ALL-UNNAMED --add-exports=java.naming/com.sun.jndi.url.ldaps=ALL-UNNAMED --add-exports=jdk.naming.dns/com.sun.jndi.dns=ALL-UNNAMED --add-opens=java.base/java.lang=ALL-UNNAMED --add-opens=java.base/java.lang.invoke=ALL-UNNAMED --add-opens=java.base/java.lang.reflect=ALL-UNNAMED --add-opens=java.base/java.io=ALL-UNNAMED --add-opens=java.base/java.net=ALL-UNNAMED --add-opens=java.base/java.security=ALL-UNNAMED --add-opens=java.base/java.util=ALL-UNNAMED --add-opens=java.base/java.util.concurrent=ALL-UNNAMED --add-opens=java.management/javax.management=ALL-UNNAMED --add-opens=java.naming/javax.naming=ALL-UNNAMED --add-modules=java.se -Djava.security.manager=allow -Djboss.home.dir=/home/vincent/Desktop/Repository/Series-Website/target/server -Djboss.server.base.dir=/home/vincent/Desktop/Repository/Series-Website/target/server/standalone -Djboss.server.log.dir=/home/vincent/Desktop/Repository/Series-Website/target/server/standalone/log -Djboss.server.config.dir=/home/vincent/Desktop/Repository/Series-Website/target/server/standalone/configuration -Dorg.jboss.boot.log.file=/home/vincent/Desktop/Repository/Series-Website/target/server/standalone/log/server.log -Dlogging.configuration=file:/home/vincent/Desktop/Repository/Series-Website/target/server/standalone/configuration/logging.properties 
2025-03-14 21:37:55,742 INFO  [org.wildfly.security] (Controller Boot Thread) ELY00001: WildFly Elytron version 2.6.0.Final
2025-03-14 21:37:56,172 INFO  [org.jboss.as.server] (Controller Boot Thread) WFLYSRV0039: Creating http management service using socket-binding (management-http)
2025-03-14 21:37:56,183 INFO  [org.xnio] (MSC service thread 1-4) XNIO version 3.8.16.Final
2025-03-14 21:37:56,187 INFO  [org.xnio.nio] (MSC service thread 1-4) XNIO NIO Implementation Version 3.8.16.Final
2025-03-14 21:37:56,236 INFO  [org.wildfly.extension.elytron.oidc._private] (ServerService Thread Pool -- 55) WFLYOIDC0001: Activating WildFly Elytron OIDC Subsystem
2025-03-14 21:37:56,245 INFO  [org.jboss.as.clustering.infinispan] (ServerService Thread Pool -- 58) WFLYCLINF0001: Activating Infinispan subsystem.
2025-03-14 21:37:56,235 INFO  [org.wildfly.extension.health] (ServerService Thread Pool -- 56) WFLYHEALTH0001: Activating Base Health Subsystem
2025-03-14 21:37:56,239 INFO  [org.jboss.remoting] (MSC service thread 1-6) JBoss Remoting version 5.0.30.Final
2025-03-14 21:37:56,239 INFO  [org.wildfly.iiop.openjdk] (ServerService Thread Pool -- 57) WFLYIIOP0001: Activating IIOP Subsystem
2025-03-14 21:37:56,260 INFO  [org.wildfly.extension.microprofile.config.smallrye] (ServerService Thread Pool -- 69) WFLYCONF0001: Activating MicroProfile Config Subsystem
2025-03-14 21:37:56,262 INFO  [org.jboss.as.jsf] (ServerService Thread Pool -- 65) WFLYJSF0007: Activated the following Jakarta Server Faces Implementations: [main]
2025-03-14 21:37:56,263 INFO  [org.wildfly.extension.microprofile.jwt.smallrye] (ServerService Thread Pool -- 70) WFLYJWT0001: Activating MicroProfile JWT Subsystem
2025-03-14 21:37:56,265 WARN  [org.jboss.as.txn] (ServerService Thread Pool -- 78) WFLYTX0013: The node-identifier attribute on the /subsystem=transactions is set to the default value. This is a danger for environments running multiple servers. Please make sure the attribute value is unique.
2025-03-14 21:37:56,264 INFO  [org.jboss.as.connector.subsystems.datasources] (ServerService Thread Pool -- 46) WFLYJCA0004: Deploying JDBC-compliant driver class org.h2.Driver (version 2.2)
2025-03-14 21:37:56,264 INFO  [org.jboss.as.naming] (ServerService Thread Pool -- 71) WFLYNAM0001: Activating Naming Subsystem
2025-03-14 21:37:56,270 INFO  [org.wildfly.extension.io] (ServerService Thread Pool -- 59) WFLYIO001: Worker 'default' has auto-configured to 8 IO threads with 64 max task threads based on your 4 available processors
2025-03-14 21:37:56,315 INFO  [org.jboss.as.webservices] (ServerService Thread Pool -- 80) WFLYWS0002: Activating WebServices Extension
2025-03-14 21:37:56,338 INFO  [org.jboss.as.jaxrs] (ServerService Thread Pool -- 60) WFLYRS0016: RESTEasy version 6.2.11.Final
2025-03-14 21:37:56,343 INFO  [org.jboss.as.naming] (MSC service thread 1-5) WFLYNAM0003: Starting Naming Service
2025-03-14 21:37:56,345 INFO  [org.wildfly.extension.metrics] (ServerService Thread Pool -- 68) WFLYMETRICS0001: Activating Base Metrics Subsystem
2025-03-14 21:37:56,348 INFO  [org.jboss.as.connector] (MSC service thread 1-1) WFLYJCA0009: Starting Jakarta Connectors Subsystem (WildFly/IronJacamar 3.0.10.Final)
2025-03-14 21:37:56,356 INFO  [org.jboss.as.mail.extension] (MSC service thread 1-1) WFLYMAIL0001: Bound mail session [java:jboss/mail/Default]
2025-03-14 21:37:56,358 INFO  [org.jboss.as.connector.deployers.jdbc] (MSC service thread 1-1) WFLYJCA0018: Started Driver service with driver-name = h2
2025-03-14 21:37:56,396 INFO  [org.wildfly.extension.undertow] (MSC service thread 1-8) WFLYUT0003: Undertow 2.3.18.Final starting
2025-03-14 21:37:56,420 WARN  [org.wildfly.extension.elytron] (MSC service thread 1-7) WFLYELY00023: KeyStore file '/home/vincent/Desktop/Repository/Series-Website/target/server/standalone/configuration/application.keystore' does not exist. Used blank.
2025-03-14 21:37:56,460 WARN  [org.wildfly.extension.elytron] (MSC service thread 1-2) WFLYELY01084: KeyStore /home/vincent/Desktop/Repository/Series-Website/target/server/standalone/configuration/application.keystore not found, it will be auto-generated on first use with a self-signed certificate for host localhost
2025-03-14 21:37:56,536 INFO  [org.wildfly.extension.undertow] (ServerService Thread Pool -- 79) WFLYUT0014: Creating file handler for path '/home/vincent/Desktop/Repository/Series-Website/target/server/welcome-content' with options [directory-listing: 'false', follow-symlink: 'false', case-sensitive: 'true', safe-symlink-paths: '[]']
2025-03-14 21:37:56,572 INFO  [org.wildfly.extension.undertow] (MSC service thread 1-3) WFLYUT0012: Started server default-server.
2025-03-14 21:37:56,586 INFO  [org.wildfly.extension.undertow] (MSC service thread 1-7) Queuing requests.
2025-03-14 21:37:56,591 INFO  [org.wildfly.extension.undertow] (MSC service thread 1-7) WFLYUT0018: Host default-host starting
2025-03-14 21:37:56,656 INFO  [org.jboss.as.ejb3] (MSC service thread 1-1) WFLYEJB0481: Strict pool slsb-strict-max-pool is using a max instance size of 64 (per class), which is derived from thread worker pool sizing.
2025-03-14 21:37:56,656 INFO  [org.jboss.as.ejb3] (MSC service thread 1-8) WFLYEJB0482: Strict pool mdb-strict-max-pool is using a max instance size of 16 (per class), which is derived from the number of CPUs on this host.
2025-03-14 21:37:56,664 INFO  [org.wildfly.extension.undertow] (MSC service thread 1-3) WFLYUT0006: Undertow HTTP listener default listening on 127.0.0.1:8080
2025-03-14 21:37:56,834 INFO  [org.wildfly.extension.undertow] (MSC service thread 1-4) WFLYUT0006: Undertow HTTPS listener https listening on 127.0.0.1:8443
2025-03-14 21:37:56,843 INFO  [org.jboss.as.ejb3] (MSC service thread 1-5) WFLYEJB0493: Jakarta Enterprise Beans subsystem suspension complete
2025-03-14 21:37:56,916 INFO  [org.jboss.as.connector.subsystems.datasources] (MSC service thread 1-7) WFLYJCA0001: Bound data source [java:jboss/datasources/ExampleDS]
2025-03-14 21:37:56,930 INFO  [org.wildfly.iiop.openjdk] (MSC service thread 1-6) WFLYIIOP0009: CORBA ORB Service started
2025-03-14 21:37:56,975 INFO  [org.jboss.as.server.deployment.scanner] (MSC service thread 1-8) WFLYDS0013: Started FileSystemDeploymentService for directory /home/vincent/Desktop/Repository/Series-Website/target/server/standalone/deployments
2025-03-14 21:37:57,069 INFO  [org.jboss.ws.common.management] (MSC service thread 1-2) JBWS022052: Starting JBossWS 7.3.1.Final (Apache CXF 4.0.6) 
2025-03-14 21:37:57,136 INFO  [org.apache.activemq.artemis.core.server] (ServerService Thread Pool -- 82) AMQ221000: Primary message broker is starting with configuration Broker Configuration (clustered=false,journalDirectory=/home/vincent/Desktop/Repository/Series-Website/target/server/standalone/data/activemq/journal,bindingsDirectory=/home/vincent/Desktop/Repository/Series-Website/target/server/standalone/data/activemq/bindings,largeMessagesDirectory=/home/vincent/Desktop/Repository/Series-Website/target/server/standalone/data/activemq/largemessages,pagingDirectory=/home/vincent/Desktop/Repository/Series-Website/target/server/standalone/data/activemq/paging)
2025-03-14 21:37:57,188 INFO  [org.apache.activemq.artemis.core.server] (ServerService Thread Pool -- 82) AMQ221012: Using AIO Journal
2025-03-14 21:37:57,347 INFO  [org.apache.activemq.artemis.core.server] (ServerService Thread Pool -- 82) AMQ221043: Protocol module found: [artemis-server]. Adding protocol support for: CORE
2025-03-14 21:37:57,348 INFO  [org.apache.activemq.artemis.core.server] (ServerService Thread Pool -- 82) AMQ221043: Protocol module found: [artemis-amqp-protocol]. Adding protocol support for: AMQP
2025-03-14 21:37:57,348 INFO  [org.apache.activemq.artemis.core.server] (ServerService Thread Pool -- 82) AMQ221043: Protocol module found: [artemis-hornetq-protocol]. Adding protocol support for: HORNETQ
2025-03-14 21:37:57,348 INFO  [org.apache.activemq.artemis.core.server] (ServerService Thread Pool -- 82) AMQ221043: Protocol module found: [artemis-stomp-protocol]. Adding protocol support for: STOMP
2025-03-14 21:37:57,428 INFO  [org.apache.activemq.artemis.core.server] (ServerService Thread Pool -- 82) AMQ221034: Waiting indefinitely to obtain primary lock
2025-03-14 21:37:57,428 INFO  [org.apache.activemq.artemis.core.server] (ServerService Thread Pool -- 82) AMQ221035: Primary Server Obtained primary lock
2025-03-14 21:37:57,532 INFO  [org.apache.activemq.artemis.core.server] (ServerService Thread Pool -- 82) AMQ221003: Deploying ANYCAST queue jms.queue.ExpiryQueue on address jms.queue.ExpiryQueue
2025-03-14 21:37:57,583 INFO  [org.apache.activemq.artemis.core.server] (ServerService Thread Pool -- 82) AMQ221003: Deploying ANYCAST queue jms.queue.DLQ on address jms.queue.DLQ
2025-03-14 21:37:57,619 INFO  [org.wildfly.extension.messaging-activemq] (MSC service thread 1-7) WFLYMSGAMQ0016: Registered HTTP upgrade for activemq-remoting protocol handled by http-acceptor acceptor
2025-03-14 21:37:57,620 INFO  [org.wildfly.extension.messaging-activemq] (MSC service thread 1-2) WFLYMSGAMQ0016: Registered HTTP upgrade for activemq-remoting protocol handled by http-acceptor-throughput acceptor
2025-03-14 21:37:57,620 INFO  [org.wildfly.extension.messaging-activemq] (MSC service thread 1-5) WFLYMSGAMQ0016: Registered HTTP upgrade for activemq-remoting protocol handled by http-acceptor acceptor
2025-03-14 21:37:57,621 INFO  [org.wildfly.extension.messaging-activemq] (MSC service thread 1-1) WFLYMSGAMQ0016: Registered HTTP upgrade for activemq-remoting protocol handled by http-acceptor-throughput acceptor
2025-03-14 21:37:57,727 INFO  [org.apache.activemq.artemis.core.server] (ServerService Thread Pool -- 82) AMQ221007: Server is now active
2025-03-14 21:37:57,728 INFO  [org.apache.activemq.artemis.core.server] (ServerService Thread Pool -- 82) AMQ221001: Apache ActiveMQ Artemis Message Broker version 2.38.0 [default, nodeID=3658acbd-0114-11f0-9f31-4ccc6a0acc04] 
2025-03-14 21:37:57,741 INFO  [org.wildfly.extension.messaging-activemq] (ServerService Thread Pool -- 83) WFLYMSGAMQ0002: Bound messaging object to jndi name java:jboss/exported/jms/RemoteConnectionFactory
2025-03-14 21:37:57,763 INFO  [org.wildfly.extension.messaging-activemq] (ServerService Thread Pool -- 82) WFLYMSGAMQ0002: Bound messaging object to jndi name java:/ConnectionFactory
2025-03-14 21:37:57,788 INFO  [org.jboss.as.connector.deployment] (MSC service thread 1-1) WFLYJCA0007: Registered connection factory java:/JmsXA
2025-03-14 21:37:57,826 INFO  [org.apache.activemq.artemis.ra.ActiveMQRALogger] (MSC service thread 1-1) AMQ151007: Resource adaptor started
2025-03-14 21:37:57,827 INFO  [org.jboss.as.connector.services.resourceadapters.ResourceAdapterActivatorService$ResourceAdapterActivator] (MSC service thread 1-1) IJ020002: Deployed: file://RaActivatoractivemq-ra
2025-03-14 21:37:57,829 INFO  [org.jboss.as.connector.deployment] (MSC service thread 1-6) WFLYJCA0002: Bound Jakarta Connectors ConnectionFactory [java:/JmsXA]
2025-03-14 21:37:57,829 INFO  [org.jboss.as.connector.deployment] (MSC service thread 1-5) WFLYJCA0118: Binding connection factory named java:/JmsXA to alias java:jboss/DefaultJMSConnectionFactory
2025-03-14 21:37:57,933 INFO  [org.jboss.as.server] (Controller Boot Thread) WFLYSRV0212: Resuming server
2025-03-14 21:37:57,938 INFO  [org.jboss.as] (Controller Boot Thread) WFLYSRV0060: Http management interface listening on http://127.0.0.1:9990/management
2025-03-14 21:37:57,938 INFO  [org.jboss.as] (Controller Boot Thread) WFLYSRV0051: Admin console listening on http://127.0.0.1:9990
2025-03-14 21:37:57,939 INFO  [org.jboss.as] (Controller Boot Thread) WFLYSRV0025: WildFly 35.0.1.Final (WildFly Core 27.0.1.Final) started in 3688ms - Started 364 of 579 services (338 services are lazy, passive or on-demand) - Server configuration file in use: standalone-full.xml - Minimum feature stability level: community
2025-03-14 21:37:58,187 INFO  [org.jboss.as.repository] (management-handler-thread - 2) WFLYDR0001: Content added at location /home/vincent/Desktop/Repository/Series-Website/target/server/standalone/data/content/8d/e93179b5f4eb4cf7b7744b491819378b58eddb/content
2025-03-14 21:37:58,198 INFO  [org.jboss.as.server.deployment] (MSC service thread 1-4) WFLYSRV0027: Starting deployment of "series-website.war" (runtime-name: "series-website.war")
2025-03-14 21:37:59,086 INFO  [org.wildfly.extension.undertow] (ServerService Thread Pool -- 22) WFLYUT0021: Registered web context: '/series-website' for server 'default-server'
2025-03-14 21:37:59,121 INFO  [org.jboss.as.server] (management-handler-thread - 2) WFLYSRV0010: Deployed "series-website.war" (runtime-name : "series-website.war")
2025-03-14 21:38:38,188 INFO  [org.jboss.as.server] (Thread-1) WFLYSRV0272: Suspending server
2025-03-14 21:38:38,190 INFO  [org.jboss.as.ejb3] (Thread-1) WFLYEJB0493: Jakarta Enterprise Beans subsystem suspension complete
2025-03-14 21:38:38,192 INFO  [org.jboss.as.server] (Thread-1) WFLYSRV0220: Server shutdown has been requested via an OS signal
2025-03-14 21:38:38,202 INFO  [org.jboss.as.mail.extension] (MSC service thread 1-7) WFLYMAIL0002: Unbound mail session [java:jboss/mail/Default]
2025-03-14 21:38:38,202 INFO  [org.wildfly.extension.messaging-activemq] (MSC service thread 1-1) WFLYMSGAMQ0006: Unbound messaging object to jndi name java:/ConnectionFactory
2025-03-14 21:38:38,203 INFO  [org.wildfly.extension.undertow] (ServerService Thread Pool -- 91) WFLYUT0022: Unregistered web context: '/series-website' from server 'default-server'
2025-03-14 21:38:38,205 INFO  [org.wildfly.extension.undertow] (MSC service thread 1-3) WFLYUT0019: Host default-host stopping
2025-03-14 21:38:38,210 INFO  [org.jboss.as.connector.deployment] (MSC service thread 1-6) WFLYJCA0119: Unbinding connection factory named java:/JmsXA to alias java:jboss/DefaultJMSConnectionFactory
2025-03-14 21:38:38,210 INFO  [org.jboss.as.connector.subsystems.datasources] (MSC service thread 1-6) WFLYJCA0010: Unbound data source [java:jboss/datasources/ExampleDS]
2025-03-14 21:38:38,211 INFO  [org.jboss.as.connector.deployment] (MSC service thread 1-6) WFLYJCA0011: Unbound Jakarta Connectors ConnectionFactory [java:/JmsXA]
2025-03-14 21:38:38,212 INFO  [org.jboss.as.connector.deployers.jdbc] (MSC service thread 1-3) WFLYJCA0019: Stopped Driver service with driver-name = h2
2025-03-14 21:38:38,224 INFO  [org.apache.activemq.artemis.ra.ActiveMQRALogger] (ServerService Thread Pool -- 88) AMQ151003: resource adaptor stopped
2025-03-14 21:38:38,227 INFO  [org.wildfly.extension.undertow] (MSC service thread 1-8) WFLYUT0008: Undertow HTTPS listener https suspending
2025-03-14 21:38:38,229 INFO  [org.jboss.as.server.deployment] (MSC service thread 1-6) WFLYSRV0028: Stopped deployment series-website.war (runtime-name: series-website.war) in 33ms
2025-03-14 21:38:38,230 INFO  [org.wildfly.extension.undertow] (MSC service thread 1-8) WFLYUT0007: Undertow HTTPS listener https stopped, was bound to 127.0.0.1:8443
2025-03-14 21:38:38,362 INFO  [org.apache.activemq.artemis.core.server] (ServerService Thread Pool -- 88) AMQ221002: Apache ActiveMQ Artemis Message Broker version 2.38.0 [3658acbd-0114-11f0-9f31-4ccc6a0acc04] stopped, uptime 41.271 seconds
2025-03-14 21:38:38,364 INFO  [org.wildfly.extension.undertow] (MSC service thread 1-3) WFLYUT0008: Undertow HTTP listener default suspending
2025-03-14 21:38:38,364 INFO  [org.wildfly.extension.undertow] (MSC service thread 1-3) WFLYUT0007: Undertow HTTP listener default stopped, was bound to 127.0.0.1:8080
2025-03-14 21:38:38,365 INFO  [org.wildfly.extension.undertow] (MSC service thread 1-7) WFLYUT0004: Undertow 2.3.18.Final stopping
2025-03-14 21:38:38,371 INFO  [org.jboss.as] (MSC service thread 1-3) WFLYSRV0050: WildFly 35.0.1.Final (WildFly Core 27.0.1.Final) stopped in 176ms
